c:\users\frederico\documents\projetos\c++\hello_modulo\hello_modulo\debug\vector_29fz3caw6o70k6kj.ifc
c:\users\frederico\documents\projetos\c++\hello_modulo\hello_modulo\debug\vector_29fz3caw6o70k6kj.ifc.d.json
c:\users\frederico\documents\projetos\c++\hello_modulo\hello_modulo\debug\vector_29fz3caw6o70k6kj.obj
c:\users\frederico\documents\projetos\c++\hello_modulo\hello_modulo\debug\cmath_21tudgpy3kba7426.ifc
c:\users\frederico\documents\projetos\c++\hello_modulo\hello_modulo\debug\cmath_21tudgpy3kba7426.ifc.d.json
c:\users\frederico\documents\projetos\c++\hello_modulo\hello_modulo\debug\cmath_21tudgpy3kba7426.obj
c:\users\frederico\documents\projetos\c++\hello_modulo\hello_modulo\debug\iostream_brcowwcjdgx0917g.ifc
c:\users\frederico\documents\projetos\c++\hello_modulo\hello_modulo\debug\iostream_brcowwcjdgx0917g.ifc.d.json
c:\users\frederico\documents\projetos\c++\hello_modulo\hello_modulo\debug\iostream_brcowwcjdgx0917g.obj
c:\users\frederico\documents\projetos\c++\hello_modulo\hello_modulo\debug\string_ep2912u0y5dnk4hd.ifc
c:\users\frederico\documents\projetos\c++\hello_modulo\hello_modulo\debug\string_ep2912u0y5dnk4hd.ifc.d.json
c:\users\frederico\documents\projetos\c++\hello_modulo\hello_modulo\debug\string_ep2912u0y5dnk4hd.obj
c:\users\frederico\documents\projetos\c++\hello_modulo\hello_modulo\debug\sstream_mv1756x2z86ufxs3.ifc
c:\users\frederico\documents\projetos\c++\hello_modulo\hello_modulo\debug\sstream_mv1756x2z86ufxs3.ifc.d.json
c:\users\frederico\documents\projetos\c++\hello_modulo\hello_modulo\debug\sstream_mv1756x2z86ufxs3.obj
c:\users\frederico\documents\projetos\c++\hello_modulo\hello_modulo\debug\map_wpxv8clrmb5lk1y8.ifc
c:\users\frederico\documents\projetos\c++\hello_modulo\hello_modulo\debug\map_wpxv8clrmb5lk1y8.ifc.d.json
c:\users\frederico\documents\projetos\c++\hello_modulo\hello_modulo\debug\map_wpxv8clrmb5lk1y8.obj
c:\users\frederico\documents\projetos\c++\hello_modulo\hello_modulo\debug\modulo.ixx.ifc
c:\users\frederico\documents\projetos\c++\hello_modulo\hello_modulo\debug\modulo.ixx.ifc.d.json
c:\users\frederico\documents\projetos\c++\hello_modulo\hello_modulo\debug\modulo.ixx.obj
c:\users\frederico\documents\projetos\c++\hello_modulo\hello_modulo\debug\vc143.pdb
c:\users\frederico\documents\projetos\c++\hello_modulo\hello_modulo\debug\vc143.idb
c:\users\frederico\documents\projetos\c++\hello_modulo\hello_modulo\debug\origem.obj
c:\users\frederico\documents\projetos\c++\hello_modulo\debug\hello_modulo.exe
c:\users\frederico\documents\projetos\c++\hello_modulo\hello_modulo\debug\hello_modulo.ilk
c:\users\frederico\documents\projetos\c++\hello_modulo\debug\hello_modulo.pdb
c:\users\frederico\documents\projetos\c++\hello_modulo\hello_modulo\debug\vector_29fz3caw6o70k6kj.module.json
c:\users\frederico\documents\projetos\c++\hello_modulo\hello_modulo\debug\iostream_brcowwcjdgx0917g.module.json
c:\users\frederico\documents\projetos\c++\hello_modulo\hello_modulo\debug\string_ep2912u0y5dnk4hd.module.json
c:\users\frederico\documents\projetos\c++\hello_modulo\hello_modulo\debug\sstream_mv1756x2z86ufxs3.module.json
c:\users\frederico\documents\projetos\c++\hello_modulo\hello_modulo\debug\map_wpxv8clrmb5lk1y8.module.json
c:\users\frederico\documents\projetos\c++\hello_modulo\hello_modulo\debug\cmath_21tudgpy3kba7426.module.json
c:\users\frederico\documents\projetos\c++\hello_modulo\hello_modulo\debug\modulo.ixx.module.json
c:\users\frederico\documents\projetos\c++\hello_modulo\hello_modulo\debug\cmath_21tudgpy3kba7426.nativecodeanalysis.xml
c:\users\frederico\documents\projetos\c++\hello_modulo\hello_modulo\debug\iostream_brcowwcjdgx0917g.nativecodeanalysis.xml
c:\users\frederico\documents\projetos\c++\hello_modulo\hello_modulo\debug\map_wpxv8clrmb5lk1y8.nativecodeanalysis.xml
c:\users\frederico\documents\projetos\c++\hello_modulo\hello_modulo\debug\modulo.ixx.nativecodeanalysis.xml
c:\users\frederico\documents\projetos\c++\hello_modulo\hello_modulo\debug\origem.nativecodeanalysis.xml
c:\users\frederico\documents\projetos\c++\hello_modulo\hello_modulo\debug\sstream_mv1756x2z86ufxs3.nativecodeanalysis.xml
c:\users\frederico\documents\projetos\c++\hello_modulo\hello_modulo\debug\string_ep2912u0y5dnk4hd.nativecodeanalysis.xml
c:\users\frederico\documents\projetos\c++\hello_modulo\hello_modulo\debug\vc.nativecodeanalysis.all.xml
c:\users\frederico\documents\projetos\c++\hello_modulo\hello_modulo\debug\vector_29fz3caw6o70k6kj.nativecodeanalysis.xml
c:\users\frederico\documents\projetos\c++\hello_modulo\hello_modulo\debug\hello_modulo.tlog\cl.command.1.tlog
c:\users\frederico\documents\projetos\c++\hello_modulo\hello_modulo\debug\hello_modulo.tlog\cl.items.tlog
c:\users\frederico\documents\projetos\c++\hello_modulo\hello_modulo\debug\hello_modulo.tlog\cl.read.1.tlog
c:\users\frederico\documents\projetos\c++\hello_modulo\hello_modulo\debug\hello_modulo.tlog\cl.write.1.tlog
c:\users\frederico\documents\projetos\c++\hello_modulo\hello_modulo\debug\hello_modulo.tlog\link.command.1.tlog
c:\users\frederico\documents\projetos\c++\hello_modulo\hello_modulo\debug\hello_modulo.tlog\link.read.1.tlog
c:\users\frederico\documents\projetos\c++\hello_modulo\hello_modulo\debug\hello_modulo.tlog\link.write.1.tlog
c:\users\frederico\documents\projetos\c++\hello_modulo\hello_modulo\debug\hello_modulo_md.tlog\cl.command.1.tlog
c:\users\frederico\documents\projetos\c++\hello_modulo\hello_modulo\debug\hello_modulo_md.tlog\microsoft.build.cpptasks.cl.read.1.tlog
c:\users\frederico\documents\projetos\c++\hello_modulo\hello_modulo\debug\hello_modulo_md.tlog\microsoft.build.cpptasks.cl.write.1.tlog
